(qualcomm-venv) pickle@16b93b521cb8:~/ml-models/carbspray$ python3 ../../qairt/2.27.0.240926/bin/x86_64-linux-clang/qnn-onnx-converter --input_network carbspray_2_9_littlest_
model.onnx --output_path carbspray_2_9_littlest_model/carbspray_2_9_littlest_model.cpp
2025-03-06 04:57:31,960 - 240 - WARNING - Symbolic shape inference Failed. Exception: Incomplete symbolic shape inference. Running normal shape inference.
2025-03-06 04:57:34,393 - 235 - INFO - Simplified model validation is successful
2025-03-06 04:57:34,538 - 240 - WARNING - WARNING_OP_VERSION_NOT_SUPPORTED: Operation Relu Not Supported. Expected operator version: [1, 6], instead got version: [14]
2025-03-06 04:57:34,540 - 240 - WARNING - WARNING_OP_VERSION_NOT_SUPPORTED: Operation Relu Not Supported. Expected operator version: [1, 6], instead got version: [14]
2025-03-06 04:57:34,541 - 240 - WARNING - WARNING_OP_VERSION_NOT_SUPPORTED: Operation Relu Not Supported. Expected operator version: [1, 6], instead got version: [14]
2025-03-06 04:57:34,542 - 240 - WARNING - WARNING_OP_VERSION_NOT_SUPPORTED: Operation Relu Not Supported. Expected operator version: [1, 6], instead got version: [14]
2025-03-06 04:57:34,543 - 240 - WARNING - WARNING_OP_VERSION_NOT_SUPPORTED: Operation Relu Not Supported. Expected operator version: [1, 6], instead got version: [14]
2025-03-06 04:57:34,544 - 240 - WARNING - WARNING_OP_VERSION_NOT_SUPPORTED: Operation Relu Not Supported. Expected operator version: [1, 6], instead got version: [14]
2025-03-06 04:57:34,545 - 240 - WARNING - WARNING_OP_VERSION_NOT_SUPPORTED: Operation Relu Not Supported. Expected operator version: [1, 6], instead got version: [14]
2025-03-06 04:57:34,546 - 240 - WARNING - WARNING_OP_VERSION_NOT_SUPPORTED: Operation Relu Not Supported. Expected operator version: [1, 6], instead got version: [14]
2025-03-06 04:57:34,549 - 240 - WARNING - WARNING_OP_VERSION_NOT_SUPPORTED: Operation Relu Not Supported. Expected operator version: [1, 6], instead got version: [14]
2025-03-06 04:57:34,550 - 240 - WARNING - WARNING_OP_VERSION_NOT_SUPPORTED: Operation Relu Not Supported. Expected operator version: [1, 6], instead got version: [14]
2025-03-06 04:57:34,551 - 240 - WARNING - WARNING_OP_VERSION_NOT_SUPPORTED: Operation Relu Not Supported. Expected operator version: [1, 6], instead got version: [14]
2025-03-06 04:57:34,554 - 240 - WARNING - WARNING_OP_VERSION_NOT_SUPPORTED: Operation Relu Not Supported. Expected operator version: [1, 6], instead got version: [14]
2025-03-06 04:57:34,555 - 240 - WARNING - WARNING_OP_VERSION_NOT_SUPPORTED: Operation Relu Not Supported. Expected operator version: [1, 6], instead got version: [14]
2025-03-06 04:57:34,556 - 240 - WARNING - WARNING_OP_VERSION_NOT_SUPPORTED: Operation Relu Not Supported. Expected operator version: [1, 6], instead got version: [14]
2025-03-06 04:57:34,570 - 240 - WARNING - WARNING_OP_VERSION_NOT_SUPPORTED: Operation Relu Not Supported. Expected operator version: [1, 6], instead got version: [14]
2025-03-06 04:57:34,575 - 240 - WARNING - WARNING_OP_VERSION_NOT_SUPPORTED: Operation Relu Not Supported. Expected operator version: [1, 6], instead got version: [14]
2025-03-06 04:57:34,580 - 240 - WARNING - WARNING_OP_VERSION_NOT_SUPPORTED: Operation Relu Not Supported. Expected operator version: [1, 6], instead got version: [14]
2025-03-06 04:57:34,584 - 240 - WARNING - WARNING_OP_VERSION_NOT_SUPPORTED: Operation Relu Not Supported. Expected operator version: [1, 6], instead got version: [14]
2025-03-06 04:57:34,591 - 240 - WARNING - WARNING_OP_VERSION_NOT_SUPPORTED: Operation Relu Not Supported. Expected operator version: [1, 6], instead got version: [14]
2025-03-06 04:57:34,609 - 240 - WARNING - WARNING_OP_VERSION_NOT_SUPPORTED: Operation Clip Not Supported. Expected operator version: [1, 6, 11, 12], instead got version: [13]
2025-03-06 04:57:34,613 - 240 - WARNING - WARNING_OP_VERSION_NOT_SUPPORTED: Operation Clip Not Supported. Expected operator version: [1, 6, 11, 12], instead got version: [13]
2025-03-06 04:57:34,617 - 240 - WARNING - WARNING_OP_VERSION_NOT_SUPPORTED: Operation Clip Not Supported. Expected operator version: [1, 6, 11, 12], instead got version: [13]
2025-03-06 04:57:34,621 - 240 - WARNING - WARNING_OP_VERSION_NOT_SUPPORTED: Operation Clip Not Supported. Expected operator version: [1, 6, 11, 12], instead got version: [13]
2025-03-06 04:57:34,625 - 240 - WARNING - WARNING_OP_VERSION_NOT_SUPPORTED: Operation Clip Not Supported. Expected operator version: [1, 6, 11, 12], instead got version: [13]
2025-03-06 04:57:34,629 - 240 - WARNING - WARNING_OP_VERSION_NOT_SUPPORTED: Operation Clip Not Supported. Expected operator version: [1, 6, 11, 12], instead got version: [13]
2025-03-06 04:57:34,633 - 240 - WARNING - WARNING_OP_VERSION_NOT_SUPPORTED: Operation Clip Not Supported. Expected operator version: [1, 6, 11, 12], instead got version: [13]
2025-03-06 04:57:34,637 - 240 - WARNING - WARNING_OP_VERSION_NOT_SUPPORTED: Operation Clip Not Supported. Expected operator version: [1, 6, 11, 12], instead got version: [13]
2025-03-06 04:57:34,641 - 240 - WARNING - WARNING_OP_VERSION_NOT_SUPPORTED: Operation Clip Not Supported. Expected operator version: [1, 6, 11, 12], instead got version: [13]
2025-03-06 04:57:34,645 - 240 - WARNING - WARNING_OP_VERSION_NOT_SUPPORTED: Operation Clip Not Supported. Expected operator version: [1, 6, 11, 12], instead got version: [13]
2025-03-06 04:57:34,649 - 240 - WARNING - WARNING_OP_VERSION_NOT_SUPPORTED: Operation Clip Not Supported. Expected operator version: [1, 6, 11, 12], instead got version: [13]
2025-03-06 04:57:34,653 - 240 - WARNING - WARNING_OP_VERSION_NOT_SUPPORTED: Operation Clip Not Supported. Expected operator version: [1, 6, 11, 12], instead got version: [13]
2025-03-06 04:57:34,657 - 240 - WARNING - WARNING_OP_VERSION_NOT_SUPPORTED: Operation Clip Not Supported. Expected operator version: [1, 6, 11, 12], instead got version: [13]
2025-03-06 04:57:34,661 - 240 - WARNING - WARNING_OP_VERSION_NOT_SUPPORTED: Operation Clip Not Supported. Expected operator version: [1, 6, 11, 12], instead got version: [13]
2025-03-06 04:57:34,673 - 240 - WARNING - WARNING_OP_VERSION_NOT_SUPPORTED: Operation Clip Not Supported. Expected operator version: [1, 6, 11, 12], instead got version: [13]
2025-03-06 04:57:34,674 - 240 - WARNING - WARNING_OP_VERSION_NOT_SUPPORTED: Operation Clip Not Supported. Expected operator version: [1, 6, 11, 12], instead got version: [13]
2025-03-06 04:57:34,697 - 235 - INFO - INFO_STATIC_RESHAPE: Applying static reshape to /ReduceMin_output_0: new name /Reshape_1_output_0 new shape [1]
2025-03-06 04:57:34,704 - 235 - INFO - INFO_STATIC_RESHAPE: Applying static reshape to /ReduceMin_1_output_0: new name /Reshape_2_output_0 new shape [1]
2025-03-06 04:57:34,712 - 235 - INFO - INFO_STATIC_RESHAPE: Applying static reshape to /ReduceMin_2_output_0: new name /Reshape_3_output_0 new shape [1]
2025-03-06 04:57:34,716 - 240 - WARNING - WARNING_CAST_TYPE: Only numerical type cast is supported. The op: Cast_2187 will be interpreted at conversion time
2025-03-06 04:57:36,496 - 235 - INFO - Skipping quantization, no input_list provided
2025-03-06 04:57:36,496 - 235 - INFO - Saving QNN Model...
2025-03-06 04:57:36,550 - 235 - INFO - Model CPP saved at: carbspray_2_9_littlest_model/carbspray_2_9_littlest_model.cpp 
2025-03-06 04:57:36,551 - 235 - INFO - Model BIN saved at: /home/pickle/ml-models/carbspray/carbspray_2_9_littlest_model/carbspray_2_9_littlest_model.bin 
2025-03-06 04:57:36,556 - 235 - INFO - Conversion complete!
